W (00:00:11.223) EDRV: hvc 0 nvc 0 lvc 0 V 223418 C 0 P 0 pc 8 vl_or 0 vs 25
W (00:00:11.709) EX: TF: 0 TZ: 0 Sys_tm:11
I (00:00:11.709) EX: get time GMT= 11
W (00:00:11.819) NVM: part erase scs
W (00:00:11.819) NVM: part erase restart
W (00:00:11.840) NVM: esp_part_write scs
W (00:00:11.957) NVM: part erase scs
W (00:00:11.957) NVM: part erase restart
W (00:00:11.957) EDRV: hvc 0 nvc 0 lvc 0 V 223786 C 0 P 0 pc 9 vl_or 0 vs 25
W (00:00:11.978) NVM: esp_part_write scs
W (00:00:11.979) SMAX: Name log_server hghwtrmrk 1584
W (00:00:12.223) EDRV: hvc 0 nvc 0 lvc 0 V 223786 C 0 P 0 pc 10 vl_or 0 vs 25
W (00:00:12.723) EDRV: hvc 0 nvc 0 lvc 0 V 223418 C 0 P 0 pc 0 vl_or 0 vs 25
W (00:00:13.223) EDRV: hvc 0 nvc 0 lvc 0 V 223418 C 0 P 0 pc 1 vl_or 0 vs 25
W (00:00:13.723) EDRV: hvc 0 nvc 0 lvc 0 V 223418 C 0 P 0 pc 2 vl_or 0 vs 25
W (00:00:14.223) EDRV: hvc 0 nvc 0 lvc 0 V 223418 C 0 P 0 pc 3 vl_or 0 vs 25
W (00:00:14.723) EDRV: hvc 0 nvc 0 lvc 0 V 223786 C 0 P 0 pc 4 vl_or 0 vs 25
W (00:00:15.223) EDRV: hvc 0 nvc 0 lvc 0 V 223418 C 0 P 0 pc 5 vl_or 0 vs 25
W (00:00:15.723) EDRV: hvc 0 nvc 0 lvc 0 V 223786 C 0 P 0 pc 6 vl_or 0 vs 25
W (00:00:16.223) EDRV: hvc 0 nvc 0 lvc 0 V 223786 C 0 P 0 pc 7 vl_or 0 vs 25
W (00:00:16.723) EDRV: hvc 0 nvc 0 lvc 0 V 223786 C 0 P 0 pc 8 vl_or 0 vs 25
W (00:00:16.982) EX: TF: 0 TZ: 0 Sys_tm:16
I (00:00:16.982) EX: get time GMT= 16
W (00:00:17.089) NVM: part erase scs
W (00:00:17.089) NVM: part erase restart
W (00:00:17.109) NVM: esp_part_write scs
W (00:00:17.231) NVM: part erase scs
W (00:00:17.231) NVM: part erase restart
W (00:00:17.252) NVM: esp_part_write scs
W (00:00:17.272) EDRV: hvc 0 nvc 0 lvc 0 V 223786 C 0 P 0 pc 9 vl_or 0 vs 25
W (00:00:17.723) EDRV: hvc 0 nvc 0 lvc 0 V 223418 C 0 P 0 pc 10 vl_or 0 vs 25
W (00:00:18.223) EDRV: hvc 0 nvc 0 lvc 0 V 223418 C 0 P 0 pc 0 vl_or 0 vs 25
W (00:00:18.723) EDRV: hvc 0 nvc 0 lvc 0 V 223786 C 0 P 0 pc 1 vl_or 0 vs 25
W (00:00:19.223) EDRV: hvc 0 nvc 0 lvc 0 V 223418 C 0 P 0 pc 2 vl_or 0 vs 25
W (00:00:19.723) EDRV: hvc 0 nvc 0 lvc 0 V 223418 C 0 P 0 pc 3 vl_or 0 vs 25
W (00:00:20.223) EDRV: hvc 0 nvc 0 lvc 0 V 223786 C 0 P 0 pc 4 vl_or 0 vs 25
W (00:00:20.726) EDRV: hvc 0 nvc 0 lvc 0 V 223786 C 0 P 0 pc 5 vl_or 0 vs 25
W (00:00:21.223) EDRV: hvc 0 nvc 0 lvc 0 V 223786 C 0 P 0 pc 6 vl_or 0 vs 25
W (00:00:21.723) EDRV: hvc 0 nvc 0 lvc 0 V 223786 C 0 P 0 pc 7 vl_or 0 vs 25
W (00:00:22.223) EDRV: hvc 0 nvc 0 lvc 0 V 223786 C 0 P 0 pc 8 vl_or 0 vs 25
W (00:00:22.254) EX: TF: 0 TZ: 0 Sys_tm:22
I (00:00:22.254) EX: get time GMT= 22
W (00:00:22.363) NVM: part erase scs
W (00:00:22.363) NVM: part erase restart
W (00:00:22.383) NVM: esp_part_write scs
W (00:00:22.495) NVM: part erase scs
W (00:00:22.495) NVM: part erase restart
W (00:00:22.515) NVM: esp_part_write scs
W (00:00:22.723) EDRV: hvc 0 nvc 0 lvc 0 V 223786 C 0 P 0 pc 9 vl_or 0 vs 25
W (00:00:23.223) EDRV: hvc 0 nvc 0 lvc 0 V 223418 C 0 P 0 pc 10 vl_or 0 vs 25
W (00:00:23.723) EDRV: hvc 0 nvc 0 lvc 0 V 223418 C 0 P 0 pc 0 vl_or 0 vs 25
W (00:00:24.223) EDRV: hvc 0 nvc 0 lvc 0 V 223418 C 0 P 0 pc 1 vl_or 0 vs 25
W (00:00:24.723) EDRV: hvc 0 nvc 0 lvc 0 V 223418 C 0 P 0 pc 2 vl_or 0 vs 25
W (00:00:25.223) EDRV: hvc 0 nvc 0 lvc 0 V 223786 C 0 P 0 pc 3 vl_or 0 vs 25
W (00:00:25.723) EDRV: hvc 0 nvc 0 lvc 0 V 223786 C 0 P 0 pc 4 vl_or 0 vs 25
W (00:00:26.223) EDRV: hvc 0 nvc 0 lvc 0 V 223418 C 0 P 0 pc 5 vl_or 0 vs 25
W (00:00:26.723) EDRV: hvc 0 nvc 0 lvc 0 V 223786 C 0 P 0 pc 6 vl_or 0 vs 25
W (00:00:27.223) EDRV: hvc 0 nvc 0 lvc 0 V 223418 C 0 P 0 pc 7 vl_or 0 vs 25
W (00:00:27.516) EX: TF: 0 TZ: 0 Sys_tm:27
I (00:00:27.516) EX: get time GMT= 27
W (00:00:27.627) NVM: part erase scs
W (00:00:27.627) NVM: part erase restart
W (00:00:27.648) NVM: esp_part_write scs
W (00:00:27.768) NVM: part erase scs
W (00:00:27.768) NVM: part erase restart
W (00:00:27.789) NVM: esp_part_write scs
W (00:00:27.789) EDRV: hvc 0 nvc 0 lvc 0 V 223786 C 0 P 0 pc 8 vl_or 0 vs 25
W (00:00:27.790) SMAX: Name log_server hghwtrmrk 1504
W (00:00:28.223) EDRV: hvc 0 nvc 0 lvc 0 V 223786 C 0 P 0 pc 9 vl_or 0 vs 25
W (00:00:28.723) EDRV: hvc 0 nvc 0 lvc 0 V 223418 C 0 P 0 pc 10 vl_or 0 vs 25
W (00:00:29.223) EDRV: hvc 0 nvc 0 lvc 0 V 223418 C 0 P 0 pc 0 vl_or 0 vs 25
W (00:00:29.723) EDRV: hvc 0 nvc 0 lvc 0 V 223786 C 0 P 0 pc 1 vl_or 0 vs 25
W (00:00:30.223) EDRV: hvc 0 nvc 0 lvc 0 V 223786 C 0 P 0 pc 2 vl_or 0 vs 25
W (00:00:30.723) EDRV: hvc 0 nvc 0 lvc 0 V 223418 C 0 P 0 pc 3 vl_or 0 vs 25
W (00:00:31.223) EDRV: hvc 0 nvc 0 lvc 0 V 223786 C 0 P 0 pc 4 vl_or 0 vs 25
W (00:00:31.723) EDRV: hvc 0 nvc 0 lvc 0 V 223418 C 0 P 0 pc 5 vl_or 0 vs 25
W (00:00:32.223) EDRV: hvc 0 nvc 0 lvc 0 V 223418 C 0 P 0 pc 6 vl_or 0 vs 25
W (00:00:32.723) EDRV: hvc 0 nvc 0 lvc 0 V 223418 C 0 P 0 pc 7 vl_or 0 vs 25
W (00:00:32.795) EX: TF: 0 TZ: 0 Sys_tm:32
I (00:00:32.795) EX: get time GMT= 32
